<?xml version="1.0" encoding="UTF-8"?>
<!-- Generated by org.testng.reporters.JUnitReportReporter -->
<testsuite skipped="0" hostname="ANR" name="beautyProducts.TC_BeautyProduct_04" tests="1" failures="0" timestamp="30 Jan 2023 07:57:31 GMT" time="38.324" errors="0">
  <testcase name="addToCart" time="38.324" classname="beautyProducts.TC_BeautyProduct_04"/>
</testsuite> <!-- beautyProducts.TC_BeautyProduct_04 -->
