<?xml version="1.0" encoding="UTF-8"?>
<!-- Generated by org.testng.reporters.JUnitReportReporter -->
<testsuite skipped="0" hostname="ANR" name="beautyProducts.TC_BeautyProduct_03" tests="1" failures="0" timestamp="30 Jan 2023 07:48:35 GMT" time="5.856" errors="0">
  <testcase name="addToCart" time="5.856" classname="beautyProducts.TC_BeautyProduct_03"/>
</testsuite> <!-- beautyProducts.TC_BeautyProduct_03 -->
