<?xml version="1.0" encoding="UTF-8"?>
<!-- Generated by org.testng.reporters.JUnitReportReporter -->
<testsuite skipped="0" hostname="ANR" name="beautyProducts.TC_BeautyProduct_01" tests="1" failures="0" timestamp="30 Jan 2023 07:57:31 GMT" time="0.017" errors="0">
  <testcase name="sample" time="0.017" classname="beautyProducts.TC_BeautyProduct_01"/>
</testsuite> <!-- beautyProducts.TC_BeautyProduct_01 -->
